Analysis & Synthesis report for adder
Fri Feb 10 18:29:01 2023
Quartus Prime Version 20.1.1 Build 720 11/11/2020 SJ Lite Edition


---------------------
; Table of Contents ;
---------------------
  1. Legal Notice
  2. Analysis & Synthesis Summary
  3. Analysis & Synthesis Settings
  4. Parallel Compilation
  5. Analysis & Synthesis Source Files Read
  6. Analysis & Synthesis Resource Usage Summary
  7. Analysis & Synthesis Resource Utilization by Entity
  8. General Register Statistics
  9. Post-Synthesis Netlist Statistics for Top Partition
 10. Elapsed Time Per Partition
 11. Analysis & Synthesis Messages



----------------
; Legal Notice ;
----------------
Copyright (C) 2020  Intel Corporation. All rights reserved.
Your use of Intel Corporation's design tools, logic functions 
and other software and tools, and any partner logic 
functions, and any output files from any of the foregoing 
(including device programming or simulation files), and any 
associated documentation or information are expressly subject 
to the terms and conditions of the Intel Program License 
Subscription Agreement, the Intel Quartus Prime License Agreement,
the Intel FPGA IP License Agreement, or other applicable license
agreement, including, without limitation, that your use is for
the sole purpose of programming logic devices manufactured by
Intel and sold by Intel or its authorized distributors.  Please
refer to the applicable agreement for further details, at
https://fpgasoftware.intel.com/eula.



+----------------------------------------------------------------------------------+
; Analysis & Synthesis Summary                                                     ;
+------------------------------------+---------------------------------------------+
; Analysis & Synthesis Status        ; Successful - Fri Feb 10 18:28:59 2023       ;
; Quartus Prime Version              ; 20.1.1 Build 720 11/11/2020 SJ Lite Edition ;
; Revision Name                      ; adder                                       ;
; Top-level Entity Name              ; ula                                         ;
; Family                             ; Cyclone IV E                                ;
; Total logic elements               ; 191                                         ;
;     Total combinational functions  ; 191                                         ;
;     Dedicated logic registers      ; 0                                           ;
; Total registers                    ; 0                                           ;
; Total pins                         ; 35                                          ;
; Total virtual pins                 ; 0                                           ;
; Total memory bits                  ; 0                                           ;
; Embedded Multiplier 9-bit elements ; 0                                           ;
; Total PLLs                         ; 0                                           ;
+------------------------------------+---------------------------------------------+


+------------------------------------------------------------------------------------------------------------+
; Analysis & Synthesis Settings                                                                              ;
+------------------------------------------------------------------+--------------------+--------------------+
; Option                                                           ; Setting            ; Default Value      ;
+------------------------------------------------------------------+--------------------+--------------------+
; Device                                                           ; EP4CE115F29C7      ;                    ;
; Top-level entity name                                            ; ula                ; adder              ;
; Family name                                                      ; Cyclone IV E       ; Cyclone V          ;
; Use smart compilation                                            ; Off                ; Off                ;
; Enable parallel Assembler and Timing Analyzer during compilation ; On                 ; On                 ;
; Enable compact report table                                      ; Off                ; Off                ;
; Restructure Multiplexers                                         ; Auto               ; Auto               ;
; Create Debugging Nodes for IP Cores                              ; Off                ; Off                ;
; Preserve fewer node names                                        ; On                 ; On                 ;
; Intel FPGA IP Evaluation Mode                                    ; Enable             ; Enable             ;
; Verilog Version                                                  ; Verilog_2001       ; Verilog_2001       ;
; VHDL Version                                                     ; VHDL_1993          ; VHDL_1993          ;
; State Machine Processing                                         ; Auto               ; Auto               ;
; Safe State Machine                                               ; Off                ; Off                ;
; Extract Verilog State Machines                                   ; On                 ; On                 ;
; Extract VHDL State Machines                                      ; On                 ; On                 ;
; Ignore Verilog initial constructs                                ; Off                ; Off                ;
; Iteration limit for constant Verilog loops                       ; 5000               ; 5000               ;
; Iteration limit for non-constant Verilog loops                   ; 250                ; 250                ;
; Add Pass-Through Logic to Inferred RAMs                          ; On                 ; On                 ;
; Infer RAMs from Raw Logic                                        ; On                 ; On                 ;
; Parallel Synthesis                                               ; On                 ; On                 ;
; DSP Block Balancing                                              ; Auto               ; Auto               ;
; NOT Gate Push-Back                                               ; On                 ; On                 ;
; Power-Up Don't Care                                              ; On                 ; On                 ;
; Remove Redundant Logic Cells                                     ; Off                ; Off                ;
; Remove Duplicate Registers                                       ; On                 ; On                 ;
; Ignore CARRY Buffers                                             ; Off                ; Off                ;
; Ignore CASCADE Buffers                                           ; Off                ; Off                ;
; Ignore GLOBAL Buffers                                            ; Off                ; Off                ;
; Ignore ROW GLOBAL Buffers                                        ; Off                ; Off                ;
; Ignore LCELL Buffers                                             ; Off                ; Off                ;
; Ignore SOFT Buffers                                              ; On                 ; On                 ;
; Limit AHDL Integers to 32 Bits                                   ; Off                ; Off                ;
; Optimization Technique                                           ; Balanced           ; Balanced           ;
; Carry Chain Length                                               ; 70                 ; 70                 ;
; Auto Carry Chains                                                ; On                 ; On                 ;
; Auto Open-Drain Pins                                             ; On                 ; On                 ;
; Perform WYSIWYG Primitive Resynthesis                            ; Off                ; Off                ;
; Auto ROM Replacement                                             ; On                 ; On                 ;
; Auto RAM Replacement                                             ; On                 ; On                 ;
; Auto DSP Block Replacement                                       ; On                 ; On                 ;
; Auto Shift Register Replacement                                  ; Auto               ; Auto               ;
; Allow Shift Register Merging across Hierarchies                  ; Auto               ; Auto               ;
; Auto Clock Enable Replacement                                    ; On                 ; On                 ;
; Strict RAM Replacement                                           ; Off                ; Off                ;
; Allow Synchronous Control Signals                                ; On                 ; On                 ;
; Force Use of Synchronous Clear Signals                           ; Off                ; Off                ;
; Auto RAM Block Balancing                                         ; On                 ; On                 ;
; Auto RAM to Logic Cell Conversion                                ; Off                ; Off                ;
; Auto Resource Sharing                                            ; Off                ; Off                ;
; Allow Any RAM Size For Recognition                               ; Off                ; Off                ;
; Allow Any ROM Size For Recognition                               ; Off                ; Off                ;
; Allow Any Shift Register Size For Recognition                    ; Off                ; Off                ;
; Use LogicLock Constraints during Resource Balancing              ; On                 ; On                 ;
; Ignore translate_off and synthesis_off directives                ; Off                ; Off                ;
; Timing-Driven Synthesis                                          ; On                 ; On                 ;
; Report Parameter Settings                                        ; On                 ; On                 ;
; Report Source Assignments                                        ; On                 ; On                 ;
; Report Connectivity Checks                                       ; On                 ; On                 ;
; Ignore Maximum Fan-Out Assignments                               ; Off                ; Off                ;
; Synchronization Register Chain Length                            ; 2                  ; 2                  ;
; Power Optimization During Synthesis                              ; Normal compilation ; Normal compilation ;
; HDL message level                                                ; Level2             ; Level2             ;
; Suppress Register Optimization Related Messages                  ; Off                ; Off                ;
; Number of Removed Registers Reported in Synthesis Report         ; 5000               ; 5000               ;
; Number of Swept Nodes Reported in Synthesis Report               ; 5000               ; 5000               ;
; Number of Inverted Registers Reported in Synthesis Report        ; 100                ; 100                ;
; Clock MUX Protection                                             ; On                 ; On                 ;
; Auto Gated Clock Conversion                                      ; Off                ; Off                ;
; Block Design Naming                                              ; Auto               ; Auto               ;
; SDC constraint protection                                        ; Off                ; Off                ;
; Synthesis Effort                                                 ; Auto               ; Auto               ;
; Shift Register Replacement - Allow Asynchronous Clear Signal     ; On                 ; On                 ;
; Pre-Mapping Resynthesis Optimization                             ; Off                ; Off                ;
; Analysis & Synthesis Message Level                               ; Medium             ; Medium             ;
; Disable Register Merging Across Hierarchies                      ; Auto               ; Auto               ;
; Resource Aware Inference For Block RAM                           ; On                 ; On                 ;
+------------------------------------------------------------------+--------------------+--------------------+


+------------------------------------------+
; Parallel Compilation                     ;
+----------------------------+-------------+
; Processors                 ; Number      ;
+----------------------------+-------------+
; Number detected on machine ; 4           ;
; Maximum allowed            ; 4           ;
;                            ;             ;
; Average used               ; 1.00        ;
; Maximum used               ; 1           ;
;                            ;             ;
; Usage by Processor         ; % Time Used ;
;     Processor 1            ; 100.0%      ;
+----------------------------+-------------+


+--------------------------------------------------------------------------------------------------------------------------------------------------------------------------------------+
; Analysis & Synthesis Source Files Read                                                                                                                                               ;
+----------------------------------+-----------------+------------------------------------+----------------------------------------------------------------------------------+---------+
; File Name with User-Entered Path ; Used in Netlist ; File Type                          ; File Name with Absolute Path                                                     ; Library ;
+----------------------------------+-----------------+------------------------------------+----------------------------------------------------------------------------------+---------+
; binary_to_bcd.bdf                ; yes             ; User Block Diagram/Schematic File  ; D:/Users/apsbpc/Downloads/ULA-main/ULA-main/adder/binary_to_bcd.bdf              ;         ;
; bin_7seg.bdf                     ; yes             ; User Block Diagram/Schematic File  ; D:/Users/apsbpc/Downloads/ULA-main/ULA-main/adder/bin_7seg.bdf                   ;         ;
; circuit_subtrator_complete.bdf   ; yes             ; User Block Diagram/Schematic File  ; D:/Users/apsbpc/Downloads/ULA-main/ULA-main/adder/circuit_subtrator_complete.bdf ;         ;
; adder.bdf                        ; yes             ; User Block Diagram/Schematic File  ; D:/Users/apsbpc/Downloads/ULA-main/ULA-main/adder/adder.bdf                      ;         ;
; full_adder.bdf                   ; yes             ; User Block Diagram/Schematic File  ; D:/Users/apsbpc/Downloads/ULA-main/ULA-main/adder/full_adder.bdf                 ;         ;
; C2.bdf                           ; yes             ; User Block Diagram/Schematic File  ; D:/Users/apsbpc/Downloads/ULA-main/ULA-main/adder/C2.bdf                         ;         ;
; equal.bdf                        ; yes             ; User Block Diagram/Schematic File  ; D:/Users/apsbpc/Downloads/ULA-main/ULA-main/adder/equal.bdf                      ;         ;
; comparison_MT.bdf                ; yes             ; User Block Diagram/Schematic File  ; D:/Users/apsbpc/Downloads/ULA-main/ULA-main/adder/comparison_MT.bdf              ;         ;
; comparison_LT.bdf                ; yes             ; User Block Diagram/Schematic File  ; D:/Users/apsbpc/Downloads/ULA-main/ULA-main/adder/comparison_LT.bdf              ;         ;
; ula.bdf                          ; yes             ; User Block Diagram/Schematic File  ; D:/Users/apsbpc/Downloads/ULA-main/ULA-main/adder/ula.bdf                        ;         ;
; and_bitbit.bdf                   ; yes             ; User Block Diagram/Schematic File  ; D:/Users/apsbpc/Downloads/ULA-main/ULA-main/adder/and_bitbit.bdf                 ;         ;
; xor_bitbit.bdf                   ; yes             ; User Block Diagram/Schematic File  ; D:/Users/apsbpc/Downloads/ULA-main/ULA-main/adder/xor_bitbit.bdf                 ;         ;
; dabble.bdf                       ; yes             ; User Block Diagram/Schematic File  ; D:/Users/apsbpc/Downloads/ULA-main/ULA-main/adder/dabble.bdf                     ;         ;
; module_adder.bdf                 ; yes             ; User Block Diagram/Schematic File  ; D:/Users/apsbpc/Downloads/ULA-main/ULA-main/adder/module_adder.bdf               ;         ;
; decoder.bdf                      ; yes             ; User Block Diagram/Schematic File  ; D:/Users/apsbpc/Downloads/ULA-main/ULA-main/adder/decoder.bdf                    ;         ;
; fivebitstosixbits.bdf            ; yes             ; User Block Diagram/Schematic File  ; D:/Users/apsbpc/Downloads/ULA-main/ULA-main/adder/fivebitstosixbits.bdf          ;         ;
; c2_module.bdf                    ; yes             ; User Block Diagram/Schematic File  ; D:/Users/apsbpc/Downloads/ULA-main/ULA-main/adder/c2_module.bdf                  ;         ;
; Comparison_module.bdf            ; yes             ; User Block Diagram/Schematic File  ; D:/Users/apsbpc/Downloads/ULA-main/ULA-main/adder/Comparison_module.bdf          ;         ;
; equal_module.bdf                 ; yes             ; User Block Diagram/Schematic File  ; D:/Users/apsbpc/Downloads/ULA-main/ULA-main/adder/equal_module.bdf               ;         ;
; set_v.bdf                        ; yes             ; User Block Diagram/Schematic File  ; D:/Users/apsbpc/Downloads/ULA-main/ULA-main/adder/set_v.bdf                      ;         ;
; invert.bdf                       ; yes             ; User Block Diagram/Schematic File  ; D:/Users/apsbpc/Downloads/ULA-main/ULA-main/adder/invert.bdf                     ;         ;
; C2_FINAL.bdf                     ; yes             ; User Block Diagram/Schematic File  ; D:/Users/apsbpc/Downloads/ULA-main/ULA-main/adder/C2_FINAL.bdf                   ;         ;
+----------------------------------+-----------------+------------------------------------+----------------------------------------------------------------------------------+---------+


+----------------------------------------------------------+
; Analysis & Synthesis Resource Usage Summary              ;
+---------------------------------------------+------------+
; Resource                                    ; Usage      ;
+---------------------------------------------+------------+
; Estimated Total logic elements              ; 191        ;
;                                             ;            ;
; Total combinational functions               ; 191        ;
; Logic element usage by number of LUT inputs ;            ;
;     -- 4 input functions                    ; 128        ;
;     -- 3 input functions                    ; 52         ;
;     -- <=2 input functions                  ; 11         ;
;                                             ;            ;
; Logic elements by mode                      ;            ;
;     -- normal mode                          ; 191        ;
;     -- arithmetic mode                      ; 0          ;
;                                             ;            ;
; Total registers                             ; 0          ;
;     -- Dedicated logic registers            ; 0          ;
;     -- I/O registers                        ; 0          ;
;                                             ;            ;
; I/O pins                                    ; 35         ;
;                                             ;            ;
; Embedded Multiplier 9-bit elements          ; 0          ;
;                                             ;            ;
; Maximum fan-out node                        ; B[4]~input ;
; Maximum fan-out                             ; 20         ;
; Total fan-out                               ; 746        ;
; Average fan-out                             ; 2.86       ;
+---------------------------------------------+------------+


+--------------------------------------------------------------------------------------------------------------------------------------------------------------------------------------------------------------------------------------------------------------------------------------+
; Analysis & Synthesis Resource Utilization by Entity                                                                                                                                                                                                                                  ;
+---------------------------------------+---------------------+---------------------------+-------------+--------------+---------+-----------+------+--------------+-----------------------------------------------------------------------+----------------------------+--------------+
; Compilation Hierarchy Node            ; Combinational ALUTs ; Dedicated Logic Registers ; Memory Bits ; DSP Elements ; DSP 9x9 ; DSP 18x18 ; Pins ; Virtual Pins ; Full Hierarchy Name                                                   ; Entity Name                ; Library Name ;
+---------------------------------------+---------------------+---------------------------+-------------+--------------+---------+-----------+------+--------------+-----------------------------------------------------------------------+----------------------------+--------------+
; |ula                                  ; 191 (70)            ; 0 (0)                     ; 0           ; 0            ; 0       ; 0         ; 35   ; 0            ; |ula                                                                  ; ula                        ; work         ;
;    |C2:inst18|                        ; 2 (0)               ; 0 (0)                     ; 0           ; 0            ; 0       ; 0         ; 0    ; 0            ; |ula|C2:inst18                                                        ; C2                         ; work         ;
;       |adder:inst11|                  ; 1 (1)               ; 0 (0)                     ; 0           ; 0            ; 0       ; 0         ; 0    ; 0            ; |ula|C2:inst18|adder:inst11                                           ; adder                      ; work         ;
;       |adder:inst13|                  ; 1 (1)               ; 0 (0)                     ; 0           ; 0            ; 0       ; 0         ; 0    ; 0            ; |ula|C2:inst18|adder:inst13                                           ; adder                      ; work         ;
;    |binary_to_bcd:inst26|             ; 7 (0)               ; 0 (0)                     ; 0           ; 0            ; 0       ; 0         ; 0    ; 0            ; |ula|binary_to_bcd:inst26                                             ; binary_to_bcd              ; work         ;
;       |dabble:inst3|                  ; 4 (4)               ; 0 (0)                     ; 0           ; 0            ; 0       ; 0         ; 0    ; 0            ; |ula|binary_to_bcd:inst26|dabble:inst3                                ; dabble                     ; work         ;
;       |dabble:inst|                   ; 3 (3)               ; 0 (0)                     ; 0           ; 0            ; 0       ; 0         ; 0    ; 0            ; |ula|binary_to_bcd:inst26|dabble:inst                                 ; dabble                     ; work         ;
;    |binary_to_bcd:inst41|             ; 7 (0)               ; 0 (0)                     ; 0           ; 0            ; 0       ; 0         ; 0    ; 0            ; |ula|binary_to_bcd:inst41                                             ; binary_to_bcd              ; work         ;
;       |dabble:inst3|                  ; 4 (4)               ; 0 (0)                     ; 0           ; 0            ; 0       ; 0         ; 0    ; 0            ; |ula|binary_to_bcd:inst41|dabble:inst3                                ; dabble                     ; work         ;
;       |dabble:inst|                   ; 3 (3)               ; 0 (0)                     ; 0           ; 0            ; 0       ; 0         ; 0    ; 0            ; |ula|binary_to_bcd:inst41|dabble:inst                                 ; dabble                     ; work         ;
;    |binary_to_bcd:inst62|             ; 7 (0)               ; 0 (0)                     ; 0           ; 0            ; 0       ; 0         ; 0    ; 0            ; |ula|binary_to_bcd:inst62                                             ; binary_to_bcd              ; work         ;
;       |dabble:inst3|                  ; 4 (4)               ; 0 (0)                     ; 0           ; 0            ; 0       ; 0         ; 0    ; 0            ; |ula|binary_to_bcd:inst62|dabble:inst3                                ; dabble                     ; work         ;
;       |dabble:inst|                   ; 3 (3)               ; 0 (0)                     ; 0           ; 0            ; 0       ; 0         ; 0    ; 0            ; |ula|binary_to_bcd:inst62|dabble:inst                                 ; dabble                     ; work         ;
;    |circuit_subtrator_complete:inst5| ; 40 (25)             ; 0 (0)                     ; 0           ; 0            ; 0       ; 0         ; 0    ; 0            ; |ula|circuit_subtrator_complete:inst5                                 ; circuit_subtrator_complete ; work         ;
;       |Comparison_module:inst11|      ; 3 (3)               ; 0 (0)                     ; 0           ; 0            ; 0       ; 0         ; 0    ; 0            ; |ula|circuit_subtrator_complete:inst5|Comparison_module:inst11        ; Comparison_module          ; work         ;
;       |c2_module:inst4|               ; 2 (0)               ; 0 (0)                     ; 0           ; 0            ; 0       ; 0         ; 0    ; 0            ; |ula|circuit_subtrator_complete:inst5|c2_module:inst4                 ; c2_module                  ; work         ;
;          |adder:inst11|               ; 1 (1)               ; 0 (0)                     ; 0           ; 0            ; 0       ; 0         ; 0    ; 0            ; |ula|circuit_subtrator_complete:inst5|c2_module:inst4|adder:inst11    ; adder                      ; work         ;
;          |adder:inst12|               ; 1 (1)               ; 0 (0)                     ; 0           ; 0            ; 0       ; 0         ; 0    ; 0            ; |ula|circuit_subtrator_complete:inst5|c2_module:inst4|adder:inst12    ; adder                      ; work         ;
;       |equal_module:inst26|           ; 2 (2)               ; 0 (0)                     ; 0           ; 0            ; 0       ; 0         ; 0    ; 0            ; |ula|circuit_subtrator_complete:inst5|equal_module:inst26             ; equal_module               ; work         ;
;       |equal_module:inst27|           ; 1 (1)               ; 0 (0)                     ; 0           ; 0            ; 0       ; 0         ; 0    ; 0            ; |ula|circuit_subtrator_complete:inst5|equal_module:inst27             ; equal_module               ; work         ;
;       |equal_module:inst29|           ; 2 (2)               ; 0 (0)                     ; 0           ; 0            ; 0       ; 0         ; 0    ; 0            ; |ula|circuit_subtrator_complete:inst5|equal_module:inst29             ; equal_module               ; work         ;
;       |module_adder:inst12|           ; 5 (0)               ; 0 (0)                     ; 0           ; 0            ; 0       ; 0         ; 0    ; 0            ; |ula|circuit_subtrator_complete:inst5|module_adder:inst12             ; module_adder               ; work         ;
;          |adder:inst1|                ; 2 (2)               ; 0 (0)                     ; 0           ; 0            ; 0       ; 0         ; 0    ; 0            ; |ula|circuit_subtrator_complete:inst5|module_adder:inst12|adder:inst1 ; adder                      ; work         ;
;          |adder:inst5|                ; 1 (1)               ; 0 (0)                     ; 0           ; 0            ; 0       ; 0         ; 0    ; 0            ; |ula|circuit_subtrator_complete:inst5|module_adder:inst12|adder:inst5 ; adder                      ; work         ;
;          |adder:inst6|                ; 2 (2)               ; 0 (0)                     ; 0           ; 0            ; 0       ; 0         ; 0    ; 0            ; |ula|circuit_subtrator_complete:inst5|module_adder:inst12|adder:inst6 ; adder                      ; work         ;
;    |comparison_LT:inst38|             ; 1 (0)               ; 0 (0)                     ; 0           ; 0            ; 0       ; 0         ; 0    ; 0            ; |ula|comparison_LT:inst38                                             ; comparison_LT              ; work         ;
;       |equal:inst2|                   ; 1 (1)               ; 0 (0)                     ; 0           ; 0            ; 0       ; 0         ; 0    ; 0            ; |ula|comparison_LT:inst38|equal:inst2                                 ; equal                      ; work         ;
;    |comparison_MT:inst37|             ; 5 (5)               ; 0 (0)                     ; 0           ; 0            ; 0       ; 0         ; 0    ; 0            ; |ula|comparison_MT:inst37                                             ; comparison_MT              ; work         ;
;    |decoder:inst51|                   ; 14 (0)              ; 0 (0)                     ; 0           ; 0            ; 0       ; 0         ; 0    ; 0            ; |ula|decoder:inst51                                                   ; decoder                    ; work         ;
;       |bin_7seg:inst28|               ; 14 (14)             ; 0 (0)                     ; 0           ; 0            ; 0       ; 0         ; 0    ; 0            ; |ula|decoder:inst51|bin_7seg:inst28                                   ; bin_7seg                   ; work         ;
;    |decoder:inst52|                   ; 13 (0)              ; 0 (0)                     ; 0           ; 0            ; 0       ; 0         ; 0    ; 0            ; |ula|decoder:inst52                                                   ; decoder                    ; work         ;
;       |bin_7seg:inst28|               ; 13 (13)             ; 0 (0)                     ; 0           ; 0            ; 0       ; 0         ; 0    ; 0            ; |ula|decoder:inst52|bin_7seg:inst28                                   ; bin_7seg                   ; work         ;
;    |decoder:inst63|                   ; 14 (0)              ; 0 (0)                     ; 0           ; 0            ; 0       ; 0         ; 0    ; 0            ; |ula|decoder:inst63                                                   ; decoder                    ; work         ;
;       |bin_7seg:inst28|               ; 14 (14)             ; 0 (0)                     ; 0           ; 0            ; 0       ; 0         ; 0    ; 0            ; |ula|decoder:inst63|bin_7seg:inst28                                   ; bin_7seg                   ; work         ;
;    |full_adder:inst30|                ; 3 (0)               ; 0 (0)                     ; 0           ; 0            ; 0       ; 0         ; 0    ; 0            ; |ula|full_adder:inst30                                                ; full_adder                 ; work         ;
;       |adder:inst1|                   ; 1 (1)               ; 0 (0)                     ; 0           ; 0            ; 0       ; 0         ; 0    ; 0            ; |ula|full_adder:inst30|adder:inst1                                    ; adder                      ; work         ;
;       |adder:inst5|                   ; 2 (2)               ; 0 (0)                     ; 0           ; 0            ; 0       ; 0         ; 0    ; 0            ; |ula|full_adder:inst30|adder:inst5                                    ; adder                      ; work         ;
;    |set_v:inst28|                     ; 8 (8)               ; 0 (0)                     ; 0           ; 0            ; 0       ; 0         ; 0    ; 0            ; |ula|set_v:inst28                                                     ; set_v                      ; work         ;
+---------------------------------------+---------------------+---------------------------+-------------+--------------+---------+-----------+------+--------------+-----------------------------------------------------------------------+----------------------------+--------------+
Note: For table entries with two numbers listed, the numbers in parentheses indicate the number of resources of the given type used by the specific entity alone. The numbers listed outside of parentheses indicate the total resources of the given type used by the specific entity and all of its sub-entities in the hierarchy.


+------------------------------------------------------+
; General Register Statistics                          ;
+----------------------------------------------+-------+
; Statistic                                    ; Value ;
+----------------------------------------------+-------+
; Total registers                              ; 0     ;
; Number of registers using Synchronous Clear  ; 0     ;
; Number of registers using Synchronous Load   ; 0     ;
; Number of registers using Asynchronous Clear ; 0     ;
; Number of registers using Asynchronous Load  ; 0     ;
; Number of registers using Clock Enable       ; 0     ;
; Number of registers using Preset             ; 0     ;
+----------------------------------------------+-------+


+-----------------------------------------------------+
; Post-Synthesis Netlist Statistics for Top Partition ;
+-----------------------+-----------------------------+
; Type                  ; Count                       ;
+-----------------------+-----------------------------+
; boundary_port         ; 35                          ;
; cycloneiii_lcell_comb ; 194                         ;
;     normal            ; 194                         ;
;         0 data inputs ; 1                           ;
;         1 data inputs ; 2                           ;
;         2 data inputs ; 11                          ;
;         3 data inputs ; 52                          ;
;         4 data inputs ; 128                         ;
;                       ;                             ;
; Max LUT depth         ; 14.00                       ;
; Average LUT depth     ; 10.53                       ;
+-----------------------+-----------------------------+


+-------------------------------+
; Elapsed Time Per Partition    ;
+----------------+--------------+
; Partition Name ; Elapsed Time ;
+----------------+--------------+
; Top            ; 00:00:01     ;
+----------------+--------------+


+-------------------------------+
; Analysis & Synthesis Messages ;
+-------------------------------+
Info: *******************************************************************
Info: Running Quartus Prime Analysis & Synthesis
    Info: Version 20.1.1 Build 720 11/11/2020 SJ Lite Edition
    Info: Processing started: Fri Feb 10 18:28:46 2023
Info: Command: quartus_map --read_settings_files=on --write_settings_files=off adder -c adder
Warning (18236): Number of processors has not been specified which may cause overloading on shared machines.  Set the global assignment NUM_PARALLEL_PROCESSORS in your QSF to an appropriate value for best performance.
Info (20030): Parallel compilation is enabled and will use 4 of the 4 processors detected
Info (12021): Found 1 design units, including 1 entities, in source file binary_to_bcd.bdf
    Info (12023): Found entity 1: binary_to_bcd
Info (12021): Found 1 design units, including 1 entities, in source file bin_7seg.bdf
    Info (12023): Found entity 1: bin_7seg
Info (12021): Found 1 design units, including 1 entities, in source file somador.bdf
    Info (12023): Found entity 1: somador
Info (12021): Found 1 design units, including 1 entities, in source file circuit_subtrator_complete.bdf
    Info (12023): Found entity 1: circuit_subtrator_complete
Info (12021): Found 1 design units, including 1 entities, in source file adder.bdf
    Info (12023): Found entity 1: adder
Info (12021): Found 1 design units, including 1 entities, in source file full_adder.bdf
    Info (12023): Found entity 1: full_adder
Info (12021): Found 1 design units, including 1 entities, in source file circuit_adder_complete.bdf
    Info (12023): Found entity 1: circuit_adder_complete
Info (12021): Found 1 design units, including 1 entities, in source file c2.bdf
    Info (12023): Found entity 1: C2
Info (12021): Found 1 design units, including 1 entities, in source file equal.bdf
    Info (12023): Found entity 1: equal
Info (12021): Found 1 design units, including 1 entities, in source file bitcmp.bdf
    Info (12023): Found entity 1: bitcmp
Info (12021): Found 1 design units, including 1 entities, in source file cmp.bdf
    Info (12023): Found entity 1: cmp
Info (12021): Found 1 design units, including 1 entities, in source file comparison_mt.bdf
    Info (12023): Found entity 1: comparison_MT
Info (12021): Found 1 design units, including 1 entities, in source file comparison_lt.bdf
    Info (12023): Found entity 1: comparison_LT
Info (12021): Found 1 design units, including 1 entities, in source file our_mux.bdf
    Info (12023): Found entity 1: our_mux
Info (12021): Found 1 design units, including 1 entities, in source file teste.bdf
    Info (12023): Found entity 1: teste
Info (12021): Found 1 design units, including 1 entities, in source file ula.bdf
    Info (12023): Found entity 1: ula
Info (12021): Found 1 design units, including 1 entities, in source file and_bitbit.bdf
    Info (12023): Found entity 1: and_bitbit
Info (12021): Found 1 design units, including 1 entities, in source file xor_bitbit.bdf
    Info (12023): Found entity 1: xor_bitbit
Info (12021): Found 1 design units, including 1 entities, in source file dabble.bdf
    Info (12023): Found entity 1: dabble
Info (12021): Found 1 design units, including 1 entities, in source file teste_buffer.bdf
    Info (12023): Found entity 1: teste_buffer
Info (12021): Found 1 design units, including 1 entities, in source file bin_to_bcd.bdf
    Info (12023): Found entity 1: bin_to_bcd
Info (12021): Found 1 design units, including 1 entities, in source file module_adder.bdf
    Info (12023): Found entity 1: module_adder
Info (12021): Found 1 design units, including 1 entities, in source file decoder.bdf
    Info (12023): Found entity 1: decoder
Info (12021): Found 1 design units, including 1 entities, in source file fivebitstosixbits.bdf
    Info (12023): Found entity 1: fivebitstosixbits
Info (12021): Found 1 design units, including 1 entities, in source file c2_module.bdf
    Info (12023): Found entity 1: c2_module
Info (12021): Found 1 design units, including 1 entities, in source file comparison_module.bdf
    Info (12023): Found entity 1: Comparison_module
Info (12021): Found 1 design units, including 1 entities, in source file equal_module.bdf
    Info (12023): Found entity 1: equal_module
Info (12021): Found 1 design units, including 1 entities, in source file set_v.bdf
    Info (12023): Found entity 1: set_v
Info (12021): Found 1 design units, including 1 entities, in source file invert.bdf
    Info (12023): Found entity 1: invert
Info (12021): Found 1 design units, including 1 entities, in source file c2_final.bdf
    Info (12023): Found entity 1: C2_FINAL
Info (12127): Elaborating entity "ula" for the top level hierarchy
Warning (275011): Block or symbol "AND3" of instance "inst15" overlaps another block or symbol
Info (12128): Elaborating entity "comparison_MT" for hierarchy "comparison_MT:inst37"
Info (12128): Elaborating entity "comparison_LT" for hierarchy "comparison_LT:inst38"
Info (12128): Elaborating entity "equal" for hierarchy "comparison_LT:inst38|equal:inst2"
Info (12128): Elaborating entity "decoder" for hierarchy "decoder:inst63"
Info (12128): Elaborating entity "bin_7seg" for hierarchy "decoder:inst63|bin_7seg:inst29"
Warning (275008): Primitive "AND4" of instance "17" not used
Info (12128): Elaborating entity "binary_to_bcd" for hierarchy "binary_to_bcd:inst62"
Info (12128): Elaborating entity "dabble" for hierarchy "binary_to_bcd:inst62|dabble:inst3"
Info (12128): Elaborating entity "fivebitstosixbits" for hierarchy "fivebitstosixbits:inst1"
Info (12128): Elaborating entity "C2" for hierarchy "C2:inst18"
Warning (275011): Block or symbol "adder" of instance "inst11" overlaps another block or symbol
Info (12128): Elaborating entity "adder" for hierarchy "C2:inst18|adder:inst5"
Info (12128): Elaborating entity "circuit_subtrator_complete" for hierarchy "circuit_subtrator_complete:inst5"
Warning (275011): Block or symbol "fivebitstosixbits" of instance "inst28" overlaps another block or symbol
Warning (275011): Block or symbol "OR2" of instance "inst43" overlaps another block or symbol
Warning (275008): Primitive "GND" of instance "inst35" not used
Info (12128): Elaborating entity "Comparison_module" for hierarchy "circuit_subtrator_complete:inst5|Comparison_module:inst11"
Info (12128): Elaborating entity "C2_FINAL" for hierarchy "circuit_subtrator_complete:inst5|C2_FINAL:inst31"
Warning (275011): Block or symbol "adder" of instance "inst11" overlaps another block or symbol
Info (12128): Elaborating entity "equal_module" for hierarchy "circuit_subtrator_complete:inst5|equal_module:inst29"
Info (12128): Elaborating entity "c2_module" for hierarchy "circuit_subtrator_complete:inst5|c2_module:inst4"
Warning (275011): Block or symbol "adder" of instance "inst11" overlaps another block or symbol
Info (12128): Elaborating entity "module_adder" for hierarchy "circuit_subtrator_complete:inst5|module_adder:inst12"
Info (12128): Elaborating entity "invert" for hierarchy "circuit_subtrator_complete:inst5|invert:inst40"
Info (12128): Elaborating entity "set_v" for hierarchy "set_v:inst28"
Warning (275083): Bus "B3[4..0]" found using same base name as "B", which might lead to a name conflict.
Warning (275083): Bus "B1[4..0]" found using same base name as "B", which might lead to a name conflict.
Warning (275083): Bus "B2[4..0]" found using same base name as "B", which might lead to a name conflict.
Warning (275080): Converted elements in bus name "B" using legacy naming rules. Make any assignments on the new names, not on the original names.
    Warning (275081): Converted element name(s) from "B[4..0]" to "B4..0"
Warning (275080): Converted elements in bus name "B1" using legacy naming rules. Make any assignments on the new names, not on the original names.
    Warning (275081): Converted element name(s) from "B1[4..0]" to "B14..0"
Warning (275080): Converted elements in bus name "B2" using legacy naming rules. Make any assignments on the new names, not on the original names.
    Warning (275081): Converted element name(s) from "B2[4..0]" to "B24..0"
Warning (275080): Converted elements in bus name "B3" using legacy naming rules. Make any assignments on the new names, not on the original names.
    Warning (275081): Converted element name(s) from "B3[4..0]" to "B34..0"
Warning (275008): Primitive "NOT" of instance "inst10" not used
Warning (275008): Primitive "NOT" of instance "inst11" not used
Warning (275008): Primitive "NOT" of instance "inst8" not used
Info (12128): Elaborating entity "full_adder" for hierarchy "full_adder:inst30"
Info (12128): Elaborating entity "xor_bitbit" for hierarchy "xor_bitbit:inst50"
Info (12128): Elaborating entity "and_bitbit" for hierarchy "and_bitbit:inst48"
Warning (13024): Output pins are stuck at VCC or GND
    Warning (13410): Pin "BH" is stuck at GND
Info (286030): Timing-Driven Synthesis is running
Info (16010): Generating hard_block partition "hard_block:auto_generated_inst"
    Info (16011): Adding 0 node(s), including 0 DDIO, 0 PLL, 0 transceiver and 0 LCELL
Info (21057): Implemented 226 device resources after synthesis - the final resource count might be different
    Info (21058): Implemented 13 input pins
    Info (21059): Implemented 22 output pins
    Info (21061): Implemented 191 logic cells
Info: Quartus Prime Analysis & Synthesis was successful. 0 errors, 25 warnings
    Info: Peak virtual memory: 4757 megabytes
    Info: Processing ended: Fri Feb 10 18:29:01 2023
    Info: Elapsed time: 00:00:15
    Info: Total CPU time (on all processors): 00:00:23


